<?xml version="1.0" encoding="UTF-8"?>
<!-- Generated by org.testng.reporters.JUnitXMLReporter -->
<testsuite hostname="admin" ignored="0" name="EdgeTest" tests="2" failures="0" timestamp="23 May 2021 14:13:22 GMT" time="24.596" errors="0">
  <testcase name="@BeforeTest setDriver" time="24.106" classname="FacebookLogin.ValidCredentials">
    <failure type="org.openqa.selenium.WebDriverException" message="chrome not reachable
  (Session info: MicrosoftEdge=90.0.818.66)
Build info: version: &amp;apos;3.141.59&amp;apos;, revision: &amp;apos;e82be7d358&amp;apos;, time: &amp;apos;2018-11-14T08:17:03&amp;apos;
System info: host: &amp;apos;ADMIN&amp;apos;, ip: &amp;apos;192.168.43.132&amp;apos;, os.name: &amp;apos;Windows 10&amp;apos;, os.arch: &amp;apos;amd64&amp;apos;, os.version: &amp;apos;10.0&amp;apos;, java.version: &amp;apos;1.8.0_281&amp;apos;
Driver info: driver.version: EdgeDriver
remote stacktrace: Backtrace:
	Ordinal0 [0x00007FF6D7ED5CB2+4676786]
	Ordinal0 [0x00007FF6D7B7D503+1168643]
	Ordinal0 [0x00007FF6D7B6E7C7+1107911]
	Ordinal0 [0x00007FF6D7B5F4A8+1045672]
	Ordinal0 [0x00007FF6D7BD3B82+1522562]
	Ordinal0 [0x00007FF6D7BCF2BF+1503935]
	Ordinal0 [0x00007FF6D7BA8061+1343585]
	Ordinal0 [0x00007FF6D7BA918B+1347979]
	Ordinal0 [0x00007FF6D7C50121+2031905]
	Ordinal0 [0x00007FF6D7C1C73E+1820478]
	Ordinal0 [0x00007FF6D7DF3224+3748388]
	Ordinal0 [0x00007FF6D7C1D10E+1822990]
	Ordinal0 [0x00007FF6D7EE8874+4753524]
	Ordinal0 [0x00007FF6D7EE8174+4751732]
	Ordinal0 [0x00007FF6D7EE7FBA+4751290]
	Ordinal0 [0x00007FF6D7EBFFD8+4587480]
	BaseThreadInitThunk [0x00007FFBF3A27034+20]
	RtlUserThreadStart [0x00007FFBF5562651+33]
">
      <![CDATA[org.openqa.selenium.WebDriverException: chrome not reachable
  (Session info: MicrosoftEdge=90.0.818.66)
Build info: version: '3.141.59', revision: 'e82be7d358', time: '2018-11-14T08:17:03'
System info: host: 'ADMIN', ip: '192.168.43.132', os.name: 'Windows 10', os.arch: 'amd64', os.version: '10.0', java.version: '1.8.0_281'
Driver info: driver.version: EdgeDriver
remote stacktrace: Backtrace:
	Ordinal0 [0x00007FF6D7ED5CB2+4676786]
	Ordinal0 [0x00007FF6D7B7D503+1168643]
	Ordinal0 [0x00007FF6D7B6E7C7+1107911]
	Ordinal0 [0x00007FF6D7B5F4A8+1045672]
	Ordinal0 [0x00007FF6D7BD3B82+1522562]
	Ordinal0 [0x00007FF6D7BCF2BF+1503935]
	Ordinal0 [0x00007FF6D7BA8061+1343585]
	Ordinal0 [0x00007FF6D7BA918B+1347979]
	Ordinal0 [0x00007FF6D7C50121+2031905]
	Ordinal0 [0x00007FF6D7C1C73E+1820478]
	Ordinal0 [0x00007FF6D7DF3224+3748388]
	Ordinal0 [0x00007FF6D7C1D10E+1822990]
	Ordinal0 [0x00007FF6D7EE8874+4753524]
	Ordinal0 [0x00007FF6D7EE8174+4751732]
	Ordinal0 [0x00007FF6D7EE7FBA+4751290]
	Ordinal0 [0x00007FF6D7EBFFD8+4587480]
	BaseThreadInitThunk [0x00007FFBF3A27034+20]
	RtlUserThreadStart [0x00007FFBF5562651+33]

	at org.openqa.selenium.remote.W3CHandshakeResponse.lambda$errorHandler$0(W3CHandshakeResponse.java:62)
	at org.openqa.selenium.remote.HandshakeResponse.lambda$getResponseFunction$0(HandshakeResponse.java:30)
	at org.openqa.selenium.remote.ProtocolHandshake.lambda$createSession$0(ProtocolHandshake.java:126)
	at java.util.stream.ReferencePipeline$3$1.accept(Unknown Source)
	at java.util.Spliterators$ArraySpliterator.tryAdvance(Unknown Source)
	at java.util.stream.ReferencePipeline.forEachWithCancel(Unknown Source)
	at java.util.stream.AbstractPipeline.copyIntoWithCancel(Unknown Source)
	at java.util.stream.AbstractPipeline.copyInto(Unknown Source)
	at java.util.stream.AbstractPipeline.wrapAndCopyInto(Unknown Source)
	at java.util.stream.FindOps$FindOp.evaluateSequential(Unknown Source)
	at java.util.stream.AbstractPipeline.evaluate(Unknown Source)
	at java.util.stream.ReferencePipeline.findFirst(Unknown Source)
	at org.openqa.selenium.remote.ProtocolHandshake.createSession(ProtocolHandshake.java:128)
	at org.openqa.selenium.remote.ProtocolHandshake.createSession(ProtocolHandshake.java:74)
	at org.openqa.selenium.remote.HttpCommandExecutor.execute(HttpCommandExecutor.java:136)
	at org.openqa.selenium.remote.service.DriverCommandExecutor.execute(DriverCommandExecutor.java:83)
	at org.openqa.selenium.remote.RemoteWebDriver.execute(RemoteWebDriver.java:552)
	at org.openqa.selenium.remote.RemoteWebDriver.startSession(RemoteWebDriver.java:213)
	at org.openqa.selenium.remote.RemoteWebDriver.<init>(RemoteWebDriver.java:131)
	at org.openqa.selenium.edge.EdgeDriver.<init>(EdgeDriver.java:141)
	at org.openqa.selenium.edge.EdgeDriver.<init>(EdgeDriver.java:96)
	at Setup.DriverSetup.blah(DriverSetup.java:23)
	at FacebookLogin.ValidCredentials.setDriver(ValidCredentials.java:33)
	at java.util.concurrent.FutureTask.run(Unknown Source)
	at java.util.concurrent.ThreadPoolExecutor.runWorker(Unknown Source)
	at java.util.concurrent.ThreadPoolExecutor$Worker.run(Unknown Source)
	at java.lang.Thread.run(Unknown Source)
... Removed 18 stack frames]]>
    </failure>
  </testcase> <!-- @BeforeTest setDriver -->
  <testcase name="@AfterTest driverQuit" time="0.001" classname="FacebookLogin.ValidCredentials">
    <failure type="java.lang.NullPointerException">
      <![CDATA[java.lang.NullPointerException
	at Setup.DriverSetup.driverQuit(DriverSetup.java:36)
	at FacebookLogin.ValidCredentials.driverQuit(ValidCredentials.java:77)
	at java.util.concurrent.FutureTask.run(Unknown Source)
	at java.util.concurrent.ThreadPoolExecutor.runWorker(Unknown Source)
	at java.util.concurrent.ThreadPoolExecutor$Worker.run(Unknown Source)
	at java.lang.Thread.run(Unknown Source)
... Removed 14 stack frames]]>
    </failure>
  </testcase> <!-- @AfterTest driverQuit -->
  <testcase name="titleVerify" time="0.001" classname="FacebookLogin.ValidCredentials">
    <skipped/>
  </testcase> <!-- titleVerify -->
  <testcase name="enterValues" time="0.0" classname="FacebookLogin.ValidCredentials">
    <skipped/>
  </testcase> <!-- enterValues -->
</testsuite> <!-- EdgeTest -->
