<!DOCTYPE html PUBLIC "-//W3C//DTD XHTML 1.1//EN" "http://www.w3.org/TR/xhtml11/DTD/xhtml11.dtd">
<html xmlns="http://www.w3.org/1999/xhtml"><head><title>TestNG Report</title><style type="text/css">table {margin-bottom:10px;border-collapse:collapse;empty-cells:show}th,td {border:1px solid #009;padding:.25em .5em}th {vertical-align:bottom}td {vertical-align:top}table a {font-weight:bold}.stripe td {background-color: #E6EBF9}.num {text-align:right}.passedodd td {background-color: #3F3}.passedeven td {background-color: #0A0}.skippedodd td {background-color: #DDD}.skippedeven td {background-color: #CCC}.failedodd td,.attn {background-color: #F33}.failedeven td,.stripe .attn {background-color: #D00}.stacktrace {white-space:pre;font-family:monospace}.totop {font-size:85%;text-align:center;border-bottom:2px solid #000}</style></head><body><table><tr><th>Test</th><th># Passed</th><th># Skipped</th><th># Failed</th><th>Time (ms)</th><th>Included Groups</th><th>Excluded Groups</th></tr><tr><th colspan="7">Suite</th></tr><tr><td><a href="#t0">EdgeTest</a></td><td class="num">0</td><td class="num attn">2</td><td class="num">0</td><td class="num">24,596</td><td></td><td></td></tr><tr class="stripe"><td><a href="#t1">ChromeTest</a></td><td class="num">2</td><td class="num">0</td><td class="num">0</td><td class="num">81,507</td><td></td><td></td></tr><tr><th>Total</th><th class="num">2</th><th class="num attn">2</th><th class="num">0</th><th class="num">106,103</th><th colspan="2"></th></tr></table><table id='summary'><thead><tr><th>Class</th><th>Method</th><th>Start</th><th>Time (ms)</th></tr></thead><tbody><tr><th colspan="4">Suite</th></tr></tbody><tbody id="t0"><tr><th colspan="4">EdgeTest &#8212; failed (configuration methods)</th></tr><tr class="failedeven"><td rowspan="2">FacebookLogin.ValidCredentials</td><td><a href="#m0">driverQuit</a></td><td rowspan="1">1621779201998</td><td rowspan="1">1</td></tr><tr class="failedeven"><td><a href="#m1">setDriver</a></td><td rowspan="1">1621779177414</td><td rowspan="1">24106</td></tr><tr><th colspan="4">EdgeTest &#8212; skipped</th></tr><tr class="skippedeven"><td rowspan="2">FacebookLogin.ValidCredentials</td><td><a href="#m2">enterValues</a></td><td rowspan="1">1621779201976</td><td rowspan="1">0</td></tr><tr class="skippedeven"><td><a href="#m3">titleVerify</a></td><td rowspan="1">1621779201951</td><td rowspan="1">1</td></tr></tbody><tbody id="t1"><tr><th colspan="4">ChromeTest &#8212; passed</th></tr><tr class="passedeven"><td rowspan="2">FacebookLogin.ValidCredentials</td><td><a href="#m4">enterValues</a></td><td rowspan="1">1621779238359</td><td rowspan="1">12715</td></tr><tr class="passedeven"><td><a href="#m5">titleVerify</a></td><td rowspan="1">1621779236776</td><td rowspan="1">1579</td></tr></tbody></table><h2>EdgeTest</h2><h3 id="m0">FacebookLogin.ValidCredentials#driverQuit</h3><table class="result"><tr><th>Exception</th></tr><tr><td><div class="stacktrace">java.lang.NullPointerException
	at Setup.DriverSetup.driverQuit(DriverSetup.java:36)
	at FacebookLogin.ValidCredentials.driverQuit(ValidCredentials.java:77)
	at java.util.concurrent.FutureTask.run(Unknown Source)
	at java.util.concurrent.ThreadPoolExecutor.runWorker(Unknown Source)
	at java.util.concurrent.ThreadPoolExecutor$Worker.run(Unknown Source)
	at java.lang.Thread.run(Unknown Source)
... Removed 14 stack frames</div></td></tr></table><p class="totop"><a href="#summary">back to summary</a></p><h3 id="m1">FacebookLogin.ValidCredentials#setDriver</h3><table class="result"><tr class="param"><th>Parameter #1</th></tr><tr class="param stripe"><td>Edge</td></tr><tr><th>Exception</th></tr><tr><td><div class="stacktrace">org.openqa.selenium.WebDriverException: chrome not reachable
  (Session info: MicrosoftEdge=90.0.818.66)
Build info: version: &apos;3.141.59&apos;, revision: &apos;e82be7d358&apos;, time: &apos;2018-11-14T08:17:03&apos;
System info: host: &apos;ADMIN&apos;, ip: &apos;192.168.43.132&apos;, os.name: &apos;Windows 10&apos;, os.arch: &apos;amd64&apos;, os.version: &apos;10.0&apos;, java.version: &apos;1.8.0_281&apos;
Driver info: driver.version: EdgeDriver
remote stacktrace: Backtrace:
	Ordinal0 [0x00007FF6D7ED5CB2+4676786]
	Ordinal0 [0x00007FF6D7B7D503+1168643]
	Ordinal0 [0x00007FF6D7B6E7C7+1107911]
	Ordinal0 [0x00007FF6D7B5F4A8+1045672]
	Ordinal0 [0x00007FF6D7BD3B82+1522562]
	Ordinal0 [0x00007FF6D7BCF2BF+1503935]
	Ordinal0 [0x00007FF6D7BA8061+1343585]
	Ordinal0 [0x00007FF6D7BA918B+1347979]
	Ordinal0 [0x00007FF6D7C50121+2031905]
	Ordinal0 [0x00007FF6D7C1C73E+1820478]
	Ordinal0 [0x00007FF6D7DF3224+3748388]
	Ordinal0 [0x00007FF6D7C1D10E+1822990]
	Ordinal0 [0x00007FF6D7EE8874+4753524]
	Ordinal0 [0x00007FF6D7EE8174+4751732]
	Ordinal0 [0x00007FF6D7EE7FBA+4751290]
	Ordinal0 [0x00007FF6D7EBFFD8+4587480]
	BaseThreadInitThunk [0x00007FFBF3A27034+20]
	RtlUserThreadStart [0x00007FFBF5562651+33]

	at org.openqa.selenium.remote.W3CHandshakeResponse.lambda$errorHandler$0(W3CHandshakeResponse.java:62)
	at org.openqa.selenium.remote.HandshakeResponse.lambda$getResponseFunction$0(HandshakeResponse.java:30)
	at org.openqa.selenium.remote.ProtocolHandshake.lambda$createSession$0(ProtocolHandshake.java:126)
	at java.util.stream.ReferencePipeline$3$1.accept(Unknown Source)
	at java.util.Spliterators$ArraySpliterator.tryAdvance(Unknown Source)
	at java.util.stream.ReferencePipeline.forEachWithCancel(Unknown Source)
	at java.util.stream.AbstractPipeline.copyIntoWithCancel(Unknown Source)
	at java.util.stream.AbstractPipeline.copyInto(Unknown Source)
	at java.util.stream.AbstractPipeline.wrapAndCopyInto(Unknown Source)
	at java.util.stream.FindOps$FindOp.evaluateSequential(Unknown Source)
	at java.util.stream.AbstractPipeline.evaluate(Unknown Source)
	at java.util.stream.ReferencePipeline.findFirst(Unknown Source)
	at org.openqa.selenium.remote.ProtocolHandshake.createSession(ProtocolHandshake.java:128)
	at org.openqa.selenium.remote.ProtocolHandshake.createSession(ProtocolHandshake.java:74)
	at org.openqa.selenium.remote.HttpCommandExecutor.execute(HttpCommandExecutor.java:136)
	at org.openqa.selenium.remote.service.DriverCommandExecutor.execute(DriverCommandExecutor.java:83)
	at org.openqa.selenium.remote.RemoteWebDriver.execute(RemoteWebDriver.java:552)
	at org.openqa.selenium.remote.RemoteWebDriver.startSession(RemoteWebDriver.java:213)
	at org.openqa.selenium.remote.RemoteWebDriver.&lt;init&gt;(RemoteWebDriver.java:131)
	at org.openqa.selenium.edge.EdgeDriver.&lt;init&gt;(EdgeDriver.java:141)
	at org.openqa.selenium.edge.EdgeDriver.&lt;init&gt;(EdgeDriver.java:96)
	at Setup.DriverSetup.blah(DriverSetup.java:23)
	at FacebookLogin.ValidCredentials.setDriver(ValidCredentials.java:33)
	at java.util.concurrent.FutureTask.run(Unknown Source)
	at java.util.concurrent.ThreadPoolExecutor.runWorker(Unknown Source)
	at java.util.concurrent.ThreadPoolExecutor$Worker.run(Unknown Source)
	at java.lang.Thread.run(Unknown Source)
... Removed 18 stack frames</div></td></tr></table><p class="totop"><a href="#summary">back to summary</a></p><h3 id="m2">FacebookLogin.ValidCredentials#enterValues</h3><table class="result"><tr><th>Exception</th></tr><tr><td><div class="stacktrace">org.openqa.selenium.WebDriverException: chrome not reachable
  (Session info: MicrosoftEdge=90.0.818.66)
Build info: version: &apos;3.141.59&apos;, revision: &apos;e82be7d358&apos;, time: &apos;2018-11-14T08:17:03&apos;
System info: host: &apos;ADMIN&apos;, ip: &apos;192.168.43.132&apos;, os.name: &apos;Windows 10&apos;, os.arch: &apos;amd64&apos;, os.version: &apos;10.0&apos;, java.version: &apos;1.8.0_281&apos;
Driver info: driver.version: EdgeDriver
remote stacktrace: Backtrace:
	Ordinal0 [0x00007FF6D7ED5CB2+4676786]
	Ordinal0 [0x00007FF6D7B7D503+1168643]
	Ordinal0 [0x00007FF6D7B6E7C7+1107911]
	Ordinal0 [0x00007FF6D7B5F4A8+1045672]
	Ordinal0 [0x00007FF6D7BD3B82+1522562]
	Ordinal0 [0x00007FF6D7BCF2BF+1503935]
	Ordinal0 [0x00007FF6D7BA8061+1343585]
	Ordinal0 [0x00007FF6D7BA918B+1347979]
	Ordinal0 [0x00007FF6D7C50121+2031905]
	Ordinal0 [0x00007FF6D7C1C73E+1820478]
	Ordinal0 [0x00007FF6D7DF3224+3748388]
	Ordinal0 [0x00007FF6D7C1D10E+1822990]
	Ordinal0 [0x00007FF6D7EE8874+4753524]
	Ordinal0 [0x00007FF6D7EE8174+4751732]
	Ordinal0 [0x00007FF6D7EE7FBA+4751290]
	Ordinal0 [0x00007FF6D7EBFFD8+4587480]
	BaseThreadInitThunk [0x00007FFBF3A27034+20]
	RtlUserThreadStart [0x00007FFBF5562651+33]

	at org.openqa.selenium.remote.W3CHandshakeResponse.lambda$errorHandler$0(W3CHandshakeResponse.java:62)
	at org.openqa.selenium.remote.HandshakeResponse.lambda$getResponseFunction$0(HandshakeResponse.java:30)
	at org.openqa.selenium.remote.ProtocolHandshake.lambda$createSession$0(ProtocolHandshake.java:126)
	at java.util.stream.ReferencePipeline$3$1.accept(Unknown Source)
	at java.util.Spliterators$ArraySpliterator.tryAdvance(Unknown Source)
	at java.util.stream.ReferencePipeline.forEachWithCancel(Unknown Source)
	at java.util.stream.AbstractPipeline.copyIntoWithCancel(Unknown Source)
	at java.util.stream.AbstractPipeline.copyInto(Unknown Source)
	at java.util.stream.AbstractPipeline.wrapAndCopyInto(Unknown Source)
	at java.util.stream.FindOps$FindOp.evaluateSequential(Unknown Source)
	at java.util.stream.AbstractPipeline.evaluate(Unknown Source)
	at java.util.stream.ReferencePipeline.findFirst(Unknown Source)
	at org.openqa.selenium.remote.ProtocolHandshake.createSession(ProtocolHandshake.java:128)
	at org.openqa.selenium.remote.ProtocolHandshake.createSession(ProtocolHandshake.java:74)
	at org.openqa.selenium.remote.HttpCommandExecutor.execute(HttpCommandExecutor.java:136)
	at org.openqa.selenium.remote.service.DriverCommandExecutor.execute(DriverCommandExecutor.java:83)
	at org.openqa.selenium.remote.RemoteWebDriver.execute(RemoteWebDriver.java:552)
	at org.openqa.selenium.remote.RemoteWebDriver.startSession(RemoteWebDriver.java:213)
	at org.openqa.selenium.remote.RemoteWebDriver.&lt;init&gt;(RemoteWebDriver.java:131)
	at org.openqa.selenium.edge.EdgeDriver.&lt;init&gt;(EdgeDriver.java:141)
	at org.openqa.selenium.edge.EdgeDriver.&lt;init&gt;(EdgeDriver.java:96)
	at Setup.DriverSetup.blah(DriverSetup.java:23)
	at FacebookLogin.ValidCredentials.setDriver(ValidCredentials.java:33)
	at java.util.concurrent.FutureTask.run(Unknown Source)
	at java.util.concurrent.ThreadPoolExecutor.runWorker(Unknown Source)
	at java.util.concurrent.ThreadPoolExecutor$Worker.run(Unknown Source)
	at java.lang.Thread.run(Unknown Source)
... Removed 18 stack frames</div></td></tr></table><p class="totop"><a href="#summary">back to summary</a></p><h3 id="m3">FacebookLogin.ValidCredentials#titleVerify</h3><table class="result"><tr><th>Exception</th></tr><tr><td><div class="stacktrace">org.openqa.selenium.WebDriverException: chrome not reachable
  (Session info: MicrosoftEdge=90.0.818.66)
Build info: version: &apos;3.141.59&apos;, revision: &apos;e82be7d358&apos;, time: &apos;2018-11-14T08:17:03&apos;
System info: host: &apos;ADMIN&apos;, ip: &apos;192.168.43.132&apos;, os.name: &apos;Windows 10&apos;, os.arch: &apos;amd64&apos;, os.version: &apos;10.0&apos;, java.version: &apos;1.8.0_281&apos;
Driver info: driver.version: EdgeDriver
remote stacktrace: Backtrace:
	Ordinal0 [0x00007FF6D7ED5CB2+4676786]
	Ordinal0 [0x00007FF6D7B7D503+1168643]
	Ordinal0 [0x00007FF6D7B6E7C7+1107911]
	Ordinal0 [0x00007FF6D7B5F4A8+1045672]
	Ordinal0 [0x00007FF6D7BD3B82+1522562]
	Ordinal0 [0x00007FF6D7BCF2BF+1503935]
	Ordinal0 [0x00007FF6D7BA8061+1343585]
	Ordinal0 [0x00007FF6D7BA918B+1347979]
	Ordinal0 [0x00007FF6D7C50121+2031905]
	Ordinal0 [0x00007FF6D7C1C73E+1820478]
	Ordinal0 [0x00007FF6D7DF3224+3748388]
	Ordinal0 [0x00007FF6D7C1D10E+1822990]
	Ordinal0 [0x00007FF6D7EE8874+4753524]
	Ordinal0 [0x00007FF6D7EE8174+4751732]
	Ordinal0 [0x00007FF6D7EE7FBA+4751290]
	Ordinal0 [0x00007FF6D7EBFFD8+4587480]
	BaseThreadInitThunk [0x00007FFBF3A27034+20]
	RtlUserThreadStart [0x00007FFBF5562651+33]

	at org.openqa.selenium.remote.W3CHandshakeResponse.lambda$errorHandler$0(W3CHandshakeResponse.java:62)
	at org.openqa.selenium.remote.HandshakeResponse.lambda$getResponseFunction$0(HandshakeResponse.java:30)
	at org.openqa.selenium.remote.ProtocolHandshake.lambda$createSession$0(ProtocolHandshake.java:126)
	at java.util.stream.ReferencePipeline$3$1.accept(Unknown Source)
	at java.util.Spliterators$ArraySpliterator.tryAdvance(Unknown Source)
	at java.util.stream.ReferencePipeline.forEachWithCancel(Unknown Source)
	at java.util.stream.AbstractPipeline.copyIntoWithCancel(Unknown Source)
	at java.util.stream.AbstractPipeline.copyInto(Unknown Source)
	at java.util.stream.AbstractPipeline.wrapAndCopyInto(Unknown Source)
	at java.util.stream.FindOps$FindOp.evaluateSequential(Unknown Source)
	at java.util.stream.AbstractPipeline.evaluate(Unknown Source)
	at java.util.stream.ReferencePipeline.findFirst(Unknown Source)
	at org.openqa.selenium.remote.ProtocolHandshake.createSession(ProtocolHandshake.java:128)
	at org.openqa.selenium.remote.ProtocolHandshake.createSession(ProtocolHandshake.java:74)
	at org.openqa.selenium.remote.HttpCommandExecutor.execute(HttpCommandExecutor.java:136)
	at org.openqa.selenium.remote.service.DriverCommandExecutor.execute(DriverCommandExecutor.java:83)
	at org.openqa.selenium.remote.RemoteWebDriver.execute(RemoteWebDriver.java:552)
	at org.openqa.selenium.remote.RemoteWebDriver.startSession(RemoteWebDriver.java:213)
	at org.openqa.selenium.remote.RemoteWebDriver.&lt;init&gt;(RemoteWebDriver.java:131)
	at org.openqa.selenium.edge.EdgeDriver.&lt;init&gt;(EdgeDriver.java:141)
	at org.openqa.selenium.edge.EdgeDriver.&lt;init&gt;(EdgeDriver.java:96)
	at Setup.DriverSetup.blah(DriverSetup.java:23)
	at FacebookLogin.ValidCredentials.setDriver(ValidCredentials.java:33)
	at java.util.concurrent.FutureTask.run(Unknown Source)
	at java.util.concurrent.ThreadPoolExecutor.runWorker(Unknown Source)
	at java.util.concurrent.ThreadPoolExecutor$Worker.run(Unknown Source)
	at java.lang.Thread.run(Unknown Source)
... Removed 18 stack frames</div></td></tr></table><p class="totop"><a href="#summary">back to summary</a></p><h2>ChromeTest</h2><h3 id="m4">FacebookLogin.ValidCredentials#enterValues</h3><table class="result"><tr class="param"><th>Parameter #1</th><th>Parameter #2</th></tr><tr class="param stripe"><td>email@gmailcom</td><td>emailfdgmailcom</td></tr></table><p class="totop"><a href="#summary">back to summary</a></p><h3 id="m5">FacebookLogin.ValidCredentials#titleVerify</h3><table class="result"><tr class="param"><th>Parameter #1</th></tr><tr class="param stripe"><td>ChromeInput</td></tr></table><p class="totop"><a href="#summary">back to summary</a></p></body></html>