<?xml version="1.0" encoding="UTF-8"?>
<!-- Generated by org.testng.reporters.JUnitReportReporter -->
<testsuite skipped="2" hostname="admin" name="FacebookLogin.ValidCredentials" tests="6" failures="0" timestamp="23 May 2021 14:14:19 GMT" time="38.402" errors="2">
  <testcase name="setDriver" time="24.106" classname="FacebookLogin.ValidCredentials">
    <error type="org.openqa.selenium.WebDriverException" message="chrome not reachable
  (Session info: MicrosoftEdge=90.0.818.66)
Build info: version: &#039;3.141.59&#039;, revision: &#039;e82be7d358&#039;, time: &#039;2018-11-14T08:17:03&#039;
System info: host: &#039;ADMIN&#039;, ip: &#039;192.168.43.132&#039;, os.name: &#039;Windows 10&#039;, os.arch: &#039;amd64&#039;, os.version: &#039;10.0&#039;, java.version: &#039;1.8.0_281&#039;
Driver info: driver.version: EdgeDriver
remote stacktrace: Backtrace:
	Ordinal0 [0x00007FF6D7ED5CB2+4676786]
	Ordinal0 [0x00007FF6D7B7D503+1168643]
	Ordinal0 [0x00007FF6D7B6E7C7+1107911]
	Ordinal0 [0x00007FF6D7B5F4A8+1045672]
	Ordinal0 [0x00007FF6D7BD3B82+1522562]
	Ordinal0 [0x00007FF6D7BCF2BF+1503935]
	Ordinal0 [0x00007FF6D7BA8061+1343585]
	Ordinal0 [0x00007FF6D7BA918B+1347979]
	Ordinal0 [0x00007FF6D7C50121+2031905]
	Ordinal0 [0x00007FF6D7C1C73E+1820478]
	Ordinal0 [0x00007FF6D7DF3224+3748388]
	Ordinal0 [0x00007FF6D7C1D10E+1822990]
	Ordinal0 [0x00007FF6D7EE8874+4753524]
	Ordinal0 [0x00007FF6D7EE8174+4751732]
	Ordinal0 [0x00007FF6D7EE7FBA+4751290]
	Ordinal0 [0x00007FF6D7EBFFD8+4587480]
	BaseThreadInitThunk [0x00007FFBF3A27034+20]
	RtlUserThreadStart [0x00007FFBF5562651+33]
">
      <![CDATA[org.openqa.selenium.WebDriverException: chrome not reachable
  (Session info: MicrosoftEdge=90.0.818.66)
Build info: version: '3.141.59', revision: 'e82be7d358', time: '2018-11-14T08:17:03'
System info: host: 'ADMIN', ip: '192.168.43.132', os.name: 'Windows 10', os.arch: 'amd64', os.version: '10.0', java.version: '1.8.0_281'
Driver info: driver.version: EdgeDriver
remote stacktrace: Backtrace:
	Ordinal0 [0x00007FF6D7ED5CB2+4676786]
	Ordinal0 [0x00007FF6D7B7D503+1168643]
	Ordinal0 [0x00007FF6D7B6E7C7+1107911]
	Ordinal0 [0x00007FF6D7B5F4A8+1045672]
	Ordinal0 [0x00007FF6D7BD3B82+1522562]
	Ordinal0 [0x00007FF6D7BCF2BF+1503935]
	Ordinal0 [0x00007FF6D7BA8061+1343585]
	Ordinal0 [0x00007FF6D7BA918B+1347979]
	Ordinal0 [0x00007FF6D7C50121+2031905]
	Ordinal0 [0x00007FF6D7C1C73E+1820478]
	Ordinal0 [0x00007FF6D7DF3224+3748388]
	Ordinal0 [0x00007FF6D7C1D10E+1822990]
	Ordinal0 [0x00007FF6D7EE8874+4753524]
	Ordinal0 [0x00007FF6D7EE8174+4751732]
	Ordinal0 [0x00007FF6D7EE7FBA+4751290]
	Ordinal0 [0x00007FF6D7EBFFD8+4587480]
	BaseThreadInitThunk [0x00007FFBF3A27034+20]
	RtlUserThreadStart [0x00007FFBF5562651+33]

	at sun.reflect.NativeConstructorAccessorImpl.newInstance0(Native Method)
	at sun.reflect.NativeConstructorAccessorImpl.newInstance(Unknown Source)
	at sun.reflect.DelegatingConstructorAccessorImpl.newInstance(Unknown Source)
	at java.lang.reflect.Constructor.newInstance(Unknown Source)
	at org.openqa.selenium.remote.W3CHandshakeResponse.lambda$errorHandler$0(W3CHandshakeResponse.java:62)
	at org.openqa.selenium.remote.HandshakeResponse.lambda$getResponseFunction$0(HandshakeResponse.java:30)
	at org.openqa.selenium.remote.ProtocolHandshake.lambda$createSession$0(ProtocolHandshake.java:126)
	at java.util.stream.ReferencePipeline$3$1.accept(Unknown Source)
	at java.util.Spliterators$ArraySpliterator.tryAdvance(Unknown Source)
	at java.util.stream.ReferencePipeline.forEachWithCancel(Unknown Source)
	at java.util.stream.AbstractPipeline.copyIntoWithCancel(Unknown Source)
	at java.util.stream.AbstractPipeline.copyInto(Unknown Source)
	at java.util.stream.AbstractPipeline.wrapAndCopyInto(Unknown Source)
	at java.util.stream.FindOps$FindOp.evaluateSequential(Unknown Source)
	at java.util.stream.AbstractPipeline.evaluate(Unknown Source)
	at java.util.stream.ReferencePipeline.findFirst(Unknown Source)
	at org.openqa.selenium.remote.ProtocolHandshake.createSession(ProtocolHandshake.java:128)
	at org.openqa.selenium.remote.ProtocolHandshake.createSession(ProtocolHandshake.java:74)
	at org.openqa.selenium.remote.HttpCommandExecutor.execute(HttpCommandExecutor.java:136)
	at org.openqa.selenium.remote.service.DriverCommandExecutor.execute(DriverCommandExecutor.java:83)
	at org.openqa.selenium.remote.RemoteWebDriver.execute(RemoteWebDriver.java:552)
	at org.openqa.selenium.remote.RemoteWebDriver.startSession(RemoteWebDriver.java:213)
	at org.openqa.selenium.remote.RemoteWebDriver.<init>(RemoteWebDriver.java:131)
	at org.openqa.selenium.edge.EdgeDriver.<init>(EdgeDriver.java:141)
	at org.openqa.selenium.edge.EdgeDriver.<init>(EdgeDriver.java:96)
	at Setup.DriverSetup.blah(DriverSetup.java:23)
	at FacebookLogin.ValidCredentials.setDriver(ValidCredentials.java:33)
	at sun.reflect.NativeMethodAccessorImpl.invoke0(Native Method)
	at sun.reflect.NativeMethodAccessorImpl.invoke(Unknown Source)
	at sun.reflect.DelegatingMethodAccessorImpl.invoke(Unknown Source)
	at java.lang.reflect.Method.invoke(Unknown Source)
	at org.testng.internal.MethodInvocationHelper.invokeMethod(MethodInvocationHelper.java:108)
	at org.testng.internal.Invoker.invokeConfigurationMethod(Invoker.java:523)
	at org.testng.internal.Invoker.invokeConfigurations(Invoker.java:224)
	at org.testng.internal.Invoker.invokeConfigurations(Invoker.java:146)
	at org.testng.TestRunner.beforeRun(TestRunner.java:626)
	at org.testng.TestRunner.run(TestRunner.java:594)
	at org.testng.SuiteRunner.runTest(SuiteRunner.java:380)
	at org.testng.SuiteRunner.access$000(SuiteRunner.java:39)
	at org.testng.SuiteRunner$SuiteWorker.run(SuiteRunner.java:414)
	at org.testng.internal.thread.ThreadUtil$1.call(ThreadUtil.java:52)
	at java.util.concurrent.FutureTask.run(Unknown Source)
	at java.util.concurrent.ThreadPoolExecutor.runWorker(Unknown Source)
	at java.util.concurrent.ThreadPoolExecutor$Worker.run(Unknown Source)
	at java.lang.Thread.run(Unknown Source)
]]>
    </error>
  </testcase> <!-- setDriver -->
  <testcase name="driverQuit" time="0.001" classname="FacebookLogin.ValidCredentials">
    <error type="java.lang.NullPointerException">
      <![CDATA[java.lang.NullPointerException
	at Setup.DriverSetup.driverQuit(DriverSetup.java:36)
	at FacebookLogin.ValidCredentials.driverQuit(ValidCredentials.java:77)
	at sun.reflect.NativeMethodAccessorImpl.invoke0(Native Method)
	at sun.reflect.NativeMethodAccessorImpl.invoke(Unknown Source)
	at sun.reflect.DelegatingMethodAccessorImpl.invoke(Unknown Source)
	at java.lang.reflect.Method.invoke(Unknown Source)
	at org.testng.internal.MethodInvocationHelper.invokeMethod(MethodInvocationHelper.java:108)
	at org.testng.internal.Invoker.invokeConfigurationMethod(Invoker.java:523)
	at org.testng.internal.Invoker.invokeConfigurations(Invoker.java:224)
	at org.testng.internal.Invoker.invokeConfigurations(Invoker.java:146)
	at org.testng.TestRunner.afterRun(TestRunner.java:958)
	at org.testng.TestRunner.run(TestRunner.java:606)
	at org.testng.SuiteRunner.runTest(SuiteRunner.java:380)
	at org.testng.SuiteRunner.access$000(SuiteRunner.java:39)
	at org.testng.SuiteRunner$SuiteWorker.run(SuiteRunner.java:414)
	at org.testng.internal.thread.ThreadUtil$1.call(ThreadUtil.java:52)
	at java.util.concurrent.FutureTask.run(Unknown Source)
	at java.util.concurrent.ThreadPoolExecutor.runWorker(Unknown Source)
	at java.util.concurrent.ThreadPoolExecutor$Worker.run(Unknown Source)
	at java.lang.Thread.run(Unknown Source)
]]>
    </error>
  </testcase> <!-- driverQuit -->
  <testcase name="titleVerify" time="0.001" classname="FacebookLogin.ValidCredentials">
    <skipped/>
  </testcase> <!-- titleVerify -->
  <testcase name="titleVerify" time="1.579" classname="FacebookLogin.ValidCredentials"/>
  <testcase name="enterValues" time="12.715" classname="FacebookLogin.ValidCredentials"/>
  <testcase name="enterValues" time="0.000" classname="FacebookLogin.ValidCredentials">
    <skipped/>
  </testcase> <!-- enterValues -->
</testsuite> <!-- FacebookLogin.ValidCredentials -->
